<?xml version="1.0" encoding="UTF-8"?>
<testng-results ignored="0" total="1" passed="1" failed="0" skipped="0">
  <reporter-output>
  </reporter-output>
  <suite started-at="2024-09-04T11:47:41 IST" name="Surefire suite" finished-at="2024-09-04T11:47:51 IST" duration-ms="9903">
    <groups>
    </groups>
    <test started-at="2024-09-04T11:47:41 IST" name="Surefire test" finished-at="2024-09-04T11:47:51 IST" duration-ms="9903">
      <class name="LeaveMgmtLoginTest">
        <test-method is-config="true" signature="launchBrowser()[pri:0, instance:LeaveMgmtLoginTest@5f7b97da]" started-at="2024-09-04T11:47:41 IST" name="launchBrowser" finished-at="2024-09-04T11:47:46 IST" duration-ms="5014" status="PASS">
          <reporter-output>
          </reporter-output>
        </test-method> <!-- launchBrowser -->
        <test-method signature="verifyLogin()[pri:0, instance:LeaveMgmtLoginTest@5f7b97da]" started-at="2024-09-04T11:47:46 IST" name="verifyLogin" description="To verify leave management app login." finished-at="2024-09-04T11:47:48 IST" duration-ms="2494" status="PASS">
          <reporter-output>
          </reporter-output>
        </test-method> <!-- verifyLogin -->
        <test-method is-config="true" signature="closeBrowser()[pri:0, instance:LeaveMgmtLoginTest@5f7b97da]" started-at="2024-09-04T11:47:48 IST" name="closeBrowser" finished-at="2024-09-04T11:47:51 IST" duration-ms="2335" status="PASS">
          <reporter-output>
          </reporter-output>
        </test-method> <!-- closeBrowser -->
      </class> <!-- LeaveMgmtLoginTest -->
    </test> <!-- Surefire test -->
  </suite> <!-- Surefire suite -->
</testng-results>
