<?xml version="1.0" encoding="UTF-8"?>
<testsuite xmlns:xsi="http://www.w3.org/2001/XMLSchema-instance" xsi:noNamespaceSchemaLocation="https://maven.apache.org/surefire/maven-surefire-plugin/xsd/surefire-test-report-3.0.xsd" version="3.0" name="LeaveMgmtLoginTest" time="11.546" tests="1" errors="0" skipped="0" failures="0">
  <properties>
[...]
</properties>
  <testcase name="verifyLogin" classname="LeaveMgmtLoginTest" time="2.495">
    <system-out><![CDATA[2024-09-04T06:17:40.580028200Z main DEBUG Apache Log4j Core 2.23 initializing configuration XmlConfiguration[location=C:\Users\leelam_700066\IdeaProjects\Leave_Mgmt\target\classes\log4j2.xml]
2024-09-04T06:17:40.582849700Z main DEBUG PluginManager 'Core' found 131 plugins
2024-09-04T06:17:40.582849700Z main DEBUG PluginManager 'Level' found 0 plugins
2024-09-04T06:17:40.589163Z main DEBUG PluginManager 'Lookup' found 16 plugins
2024-09-04T06:17:40.592537500Z main DEBUG Building Plugin[name=layout, class=org.apache.logging.log4j.core.layout.PatternLayout].
2024-09-04T06:17:40.607958900Z main DEBUG PluginManager 'TypeConverter' found 26 plugins
2024-09-04T06:17:40.627703900Z main DEBUG PatternLayout$Builder(pattern="%d{HH:mm:ss.SSS} [%t] %-5level %logger{36} - %msg%n", PatternSelector=null, Configuration(C:\Users\leelam_700066\IdeaProjects\Leave_Mgmt\target\classes\log4j2.xml), Replace=null, charset="null", alwaysWriteExceptions="null", disableAnsi="null", noConsoleNoAnsi="null", header="null", footer="null")
2024-09-04T06:17:40.627703900Z main DEBUG PluginManager 'Converter' found 45 plugins
2024-09-04T06:17:40.628992400Z main DEBUG Building Plugin[name=appender, class=org.apache.logging.log4j.core.appender.ConsoleAppender].
2024-09-04T06:17:40.639260300Z main DEBUG ConsoleAppender$Builder(target="null", follow="null", direct="null", bufferedIo="null", bufferSize="null", immediateFlush="null", ignoreExceptions="null", PatternLayout(%d{HH:mm:ss.SSS} [%t] %-5level %logger{36} - %msg%n), name="Console", Configuration(C:\Users\leelam_700066\IdeaProjects\Leave_Mgmt\target\classes\log4j2.xml), Filter=null, ={})
2024-09-04T06:17:40.643081500Z main DEBUG Starting OutputStreamManager SYSTEM_OUT.false.false
2024-09-04T06:17:40.643081500Z main DEBUG Building Plugin[name=layout, class=org.apache.logging.log4j.core.layout.PatternLayout].
2024-09-04T06:17:40.644078900Z main DEBUG PatternLayout$Builder(pattern="%d{yyyy-MM-dd HH:mm:ss} [%t] %-5level %logger{36} - %msg%n", PatternSelector=null, Configuration(C:\Users\leelam_700066\IdeaProjects\Leave_Mgmt\target\classes\log4j2.xml), Replace=null, charset="null", alwaysWriteExceptions="null", disableAnsi="null", noConsoleNoAnsi="null", header="null", footer="null")
2024-09-04T06:17:40.650064100Z main DEBUG Building Plugin[name=SizeBasedTriggeringPolicy, class=org.apache.logging.log4j.core.appender.rolling.SizeBasedTriggeringPolicy].
2024-09-04T06:17:40.655069500Z main DEBUG createPolicy(size="1MB")
2024-09-04T06:17:40.656117300Z main DEBUG Building Plugin[name=DefaultRolloverStrategy, class=org.apache.logging.log4j.core.appender.rolling.DefaultRolloverStrategy].
2024-09-04T06:17:40.661429900Z main DEBUG DefaultRolloverStrategy$Builder(max="10", min="null", fileIndex="null", compressionLevel="null", ={}, stopCustomActionsOnError="null", tempCompressedFilePattern="null", Configuration(C:\Users\leelam_700066\IdeaProjects\Leave_Mgmt\target\classes\log4j2.xml))
2024-09-04T06:17:40.661429900Z main DEBUG Building Plugin[name=appender, class=org.apache.logging.log4j.core.appender.RollingFileAppender].
2024-09-04T06:17:40.665097300Z main DEBUG RollingFileAppender$Builder(fileName="C:\Users\leelam_700066\IdeaProjects\Leave_Mgmt\app.log", filePattern="C:/Users/leelam_700066/IdeaProjects/Leave_Mgmt/app.%i.log", append="null", locking="null", SizeBasedTriggeringPolicy(SizeBasedTriggeringPolicy(size=1048576)), DefaultRolloverStrategy(DefaultRolloverStrategy(min=1, max=10, useMax=true)), advertise="null", advertiseUri="null", createOnDemand="null", filePermissions="null", fileOwner="null", fileGroup="null", bufferedIo="null", bufferSize="null", immediateFlush="null", ignoreExceptions="null", PatternLayout(%d{yyyy-MM-dd HH:mm:ss} [%t] %-5level %logger{36} - %msg%n), name="File", Configuration(C:\Users\leelam_700066\IdeaProjects\Leave_Mgmt\target\classes\log4j2.xml), Filter=null, ={})
2024-09-04T06:17:40.675622100Z main DEBUG Returning file creation time for C:\Users\leelam_700066\IdeaProjects\Leave_Mgmt\app.log
2024-09-04T06:17:40.675622100Z main DEBUG Starting RollingFileManager C:\Users\leelam_700066\IdeaProjects\Leave_Mgmt\app.log
2024-09-04T06:17:40.678253200Z main DEBUG PluginManager 'FileConverter' found 2 plugins
2024-09-04T06:17:40.684938900Z main DEBUG Setting prev file time to 2024-09-03T21:23:07.767+0530
2024-09-04T06:17:40.684938900Z main DEBUG Initializing triggering policy SizeBasedTriggeringPolicy(size=1048576)
2024-09-04T06:17:40.685935600Z main DEBUG Building Plugin[name=appenders, class=org.apache.logging.log4j.core.config.AppendersPlugin].
2024-09-04T06:17:40.685935600Z main DEBUG createAppenders(={Console, File})
2024-09-04T06:17:40.685935600Z main DEBUG Building Plugin[name=AppenderRef, class=org.apache.logging.log4j.core.config.AppenderRef].
2024-09-04T06:17:40.686933Z main DEBUG createAppenderRef(ref="Console", level="null", Filter=null)
2024-09-04T06:17:40.689925900Z main DEBUG Building Plugin[name=AppenderRef, class=org.apache.logging.log4j.core.config.AppenderRef].
2024-09-04T06:17:40.690962400Z main DEBUG createAppenderRef(ref="File", level="null", Filter=null)
2024-09-04T06:17:40.692100700Z main DEBUG Building Plugin[name=root, class=org.apache.logging.log4j.core.config.LoggerConfig$RootLogger].
2024-09-04T06:17:40.696933900Z main DEBUG LoggerConfig$RootLogger$Builder(additivity="null", level="DEBUG", levelAndRefs="null", includeLocation="null", ={Console, File}, ={}, Configuration(C:\Users\leelam_700066\IdeaProjects\Leave_Mgmt\target\classes\log4j2.xml), Filter=null)
2024-09-04T06:17:40.702684900Z main DEBUG Building Plugin[name=loggers, class=org.apache.logging.log4j.core.config.LoggersPlugin].
2024-09-04T06:17:40.703223600Z main DEBUG createLoggers(={root})
2024-09-04T06:17:40.703223600Z main DEBUG Configuration XmlConfiguration[location=C:\Users\leelam_700066\IdeaProjects\Leave_Mgmt\target\classes\log4j2.xml] initialized
2024-09-04T06:17:40.703223600Z main DEBUG Starting configuration XmlConfiguration[location=C:\Users\leelam_700066\IdeaProjects\Leave_Mgmt\target\classes\log4j2.xml]
2024-09-04T06:17:40.704257100Z main DEBUG Started configuration XmlConfiguration[location=C:\Users\leelam_700066\IdeaProjects\Leave_Mgmt\target\classes\log4j2.xml] OK.
2024-09-04T06:17:40.704257100Z main DEBUG Shutting down OutputStreamManager SYSTEM_OUT.false.false-1
2024-09-04T06:17:40.704257100Z main DEBUG OutputStream closed
2024-09-04T06:17:40.704257100Z main DEBUG Shut down OutputStreamManager SYSTEM_OUT.false.false-1, all resources released: true
2024-09-04T06:17:40.705252Z main DEBUG Appender DefaultConsole-1 stopped with status true
2024-09-04T06:17:40.705252Z main DEBUG Stopped org.apache.logging.log4j.core.config.DefaultConfiguration@16ec5519 OK
2024-09-04T06:17:40.915610100Z main DEBUG Registering MBean org.apache.logging.log4j2:type=70dea4e
2024-09-04T06:17:40.917714200Z main DEBUG Registering MBean org.apache.logging.log4j2:type=70dea4e,component=StatusLogger
2024-09-04T06:17:40.921626100Z main DEBUG Registering MBean org.apache.logging.log4j2:type=70dea4e,component=ContextSelector
2024-09-04T06:17:40.923966300Z main DEBUG Registering MBean org.apache.logging.log4j2:type=70dea4e,component=Loggers,name=
2024-09-04T06:17:40.924971900Z main DEBUG Registering MBean org.apache.logging.log4j2:type=70dea4e,component=Appenders,name=Console
2024-09-04T06:17:40.924971900Z main DEBUG Registering MBean org.apache.logging.log4j2:type=70dea4e,component=Appenders,name=File
2024-09-04T06:17:40.928307500Z main DEBUG org.apache.logging.log4j.core.util.SystemClock supports precise timestamps.
2024-09-04T06:17:40.929307Z main DEBUG Reconfiguration complete for context[name=70dea4e] at URI C:\Users\leelam_700066\IdeaProjects\Leave_Mgmt\target\classes\log4j2.xml (org.apache.logging.log4j.core.LoggerContext@409c54f) with optional ClassLoader: null
2024-09-04T06:17:40.929307Z main DEBUG Shutdown hook enabled. Registering a new one.
2024-09-04T06:17:40.930304400Z main DEBUG LoggerContext[name=70dea4e, org.apache.logging.log4j.core.LoggerContext@409c54f] started OK.
11:47:41.265 [main] DEBUG io.github.bonigarcia.wdm.WebDriverManager - Using WebDriverManager 5.9.2
2024-09-04T06:17:41.270956300Z main DEBUG AsyncLogger.ThreadNameStrategy=UNCACHED (user specified null, default is UNCACHED)
2024-09-04T06:17:41.271953800Z main DEBUG org.apache.logging.log4j.core.util.SystemClock supports precise timestamps.
11:47:41.761 [main] DEBUG io.github.bonigarcia.wdm.cache.ResolutionCache - Resolution chrome=128 in cache (valid until 12:20:24 04/09/2024 IST)
11:47:41.763 [main] DEBUG io.github.bonigarcia.wdm.cache.ResolutionCache - Resolution chrome128=128.0.6613.119 in cache (valid until 21:22:57 04/09/2024 IST)
11:47:41.764 [main] INFO  io.github.bonigarcia.wdm.WebDriverManager - Using chromedriver 128.0.6613.119 (resolved driver for Chrome 128)
11:47:41.800 [main] DEBUG io.github.bonigarcia.wdm.WebDriverManager - Driver chromedriver 128.0.6613.119 found in cache
11:47:41.801 [main] INFO  io.github.bonigarcia.wdm.WebDriverManager - Exporting webdriver.chrome.driver as C:\Users\leelam_700066\.cache\selenium\chromedriver\win64\128.0.6613.119\chromedriver.exe
]]></system-out>
  </testcase>
</testsuite>